# JRE version: OpenJDK Runtime Environment (8.0_152-b01) (build 1.8.0_152-release-1343-b01)
# Java VM: OpenJDK 64-Bit Server VM (25.152-b01 mixed mode windows-amd64 compressed oops)
Heap:
 PSYoungGen      total 357376K, used 187881K [0x00000000e0000000, 0x00000000ff480000, 0x0000000100000000)
  eden space 205824K, 56% used [0x00000000e0000000,0x00000000e7170cf8,0x00000000ec900000)
  from space 151552K, 47% used [0x00000000ec900000,0x00000000f0f09b00,0x00000000f5d00000)
  to   space 148480K, 0% used [0x00000000f6380000,0x00000000f6380000,0x00000000ff480000)
 ParOldGen       total 314880K, used 132007K [0x00000000a0000000, 0x00000000b3380000, 0x00000000e0000000)
  object space 314880K, 41% used [0x00000000a0000000,0x00000000a80e9fe8,0x00000000b3380000)
 Metaspace       used 240360K, capacity 256714K, committed 257048K, reserved 1271808K
  class space    used 31224K, capacity 34249K, committed 34328K, reserved 1048576K
GC Heap History (10 events):
Event: 6673.658 GC heap before
{Heap before GC invocations=108 (full 9):
 PSYoungGen      total 346112K, used 258715K [0x00000000e0000000, 0x00000000fea80000, 0x0000000100000000)
  eden space 187392K, 100% used [0x00000000e0000000,0x00000000eb700000,0x00000000eb700000)
  from space 158720K, 44% used [0x00000000f4f80000,0x00000000f9526ce8,0x00000000fea80000)
  to   space 156160K, 0% used [0x00000000eb700000,0x00000000eb700000,0x00000000f4f80000)
 ParOldGen       total 314880K, used 130792K [0x00000000a0000000, 0x00000000b3380000, 0x00000000e0000000)
  object space 314880K, 41% used [0x00000000a0000000,0x00000000a7fba140,0x00000000b3380000)
 Metaspace       used 229272K, capacity 244006K, committed 244248K, reserved 1261568K
  class space    used 29706K, capacity 32465K, committed 32536K, reserved 1048576K
Event: 6673.780 GC heap after
Heap after GC invocations=108 (full 9):
 PSYoungGen      total 343552K, used 107732K [0x00000000e0000000, 0x0000000100000000, 0x0000000100000000)
  eden space 187392K, 0% used [0x00000000e0000000,0x00000000e0000000,0x00000000eb700000)
  from space 156160K, 68% used [0x00000000eb700000,0x00000000f20352b0,0x00000000f4f80000)
  to   space 164864K, 0% used [0x00000000f5f00000,0x00000000f5f00000,0x0000000100000000)
 ParOldGen       total 314880K, used 130800K [0x00000000a0000000, 0x00000000b3380000, 0x00000000e0000000)
  object space 314880K, 41% used [0x00000000a0000000,0x00000000a7fbc140,0x00000000b3380000)
 Metaspace       used 229272K, capacity 244006K, committed 244248K, reserved 1261568K
  class space    used 29706K, capacity 32465K, committed 32536K, reserved 1048576K
}
Event: 6679.001 GC heap before
{Heap before GC invocations=109 (full 9):
 PSYoungGen      total 343552K, used 295124K [0x00000000e0000000, 0x0000000100000000, 0x0000000100000000)
  eden space 187392K, 100% used [0x00000000e0000000,0x00000000eb700000,0x00000000eb700000)
  from space 156160K, 68% used [0x00000000eb700000,0x00000000f20352b0,0x00000000f4f80000)
  to   space 164864K, 0% used [0x00000000f5f00000,0x00000000f5f00000,0x0000000100000000)
 ParOldGen       total 314880K, used 130800K [0x00000000a0000000, 0x00000000b3380000, 0x00000000e0000000)
  object space 314880K, 41% used [0x00000000a0000000,0x00000000a7fbc140,0x00000000b3380000)
 Metaspace       used 229283K, capacity 244006K, committed 244248K, reserved 1261568K
  class space    used 29706K, capacity 32465K, committed 32536K, reserved 1048576K
Event: 6679.035 GC heap after
Heap after GC invocations=109 (full 9):
 PSYoungGen      total 362496K, used 19618K [0x00000000e0000000, 0x0000000100000000, 0x0000000100000000)
  eden space 197632K, 0% used [0x00000000e0000000,0x00000000e0000000,0x00000000ec100000)
  from space 164864K, 11% used [0x00000000f5f00000,0x00000000f7228ad8,0x0000000100000000)
  to   space 161792K, 0% used [0x00000000ec100000,0x00000000ec100000,0x00000000f5f00000)
 ParOldGen       total 314880K, used 130864K [0x00000000a0000000, 0x00000000b3380000, 0x00000000e0000000)
  object space 314880K, 41% used [0x00000000a0000000,0x00000000a7fcc140,0x00000000b3380000)
 Metaspace       used 229283K, capacity 244006K, committed 244248K, reserved 1261568K
  class space    used 29706K, capacity 32465K, committed 32536K, reserved 1048576K
}
Event: 6792.948 GC heap before
{Heap before GC invocations=110 (full 9):
 PSYoungGen      total 362496K, used 217250K [0x00000000e0000000, 0x0000000100000000, 0x0000000100000000)
  eden space 197632K, 100% used [0x00000000e0000000,0x00000000ec100000,0x00000000ec100000)
  from space 164864K, 11% used [0x00000000f5f00000,0x00000000f7228ad8,0x0000000100000000)
  to   space 161792K, 0% used [0x00000000ec100000,0x00000000ec100000,0x00000000f5f00000)
 ParOldGen       total 314880K, used 130864K [0x00000000a0000000, 0x00000000b3380000, 0x00000000e0000000)
  object space 314880K, 41% used [0x00000000a0000000,0x00000000a7fcc140,0x00000000b3380000)
 Metaspace       used 230025K, capacity 245690K, committed 245784K, reserved 1261568K
  class space    used 29841K, capacity 32713K, committed 32792K, reserved 1048576K
Event: 6792.974 GC heap after
Heap after GC invocations=110 (full 9):
 PSYoungGen      total 209408K, used 11636K [0x00000000e0000000, 0x00000000ff900000, 0x0000000100000000)
  eden space 197632K, 0% used [0x00000000e0000000,0x00000000e0000000,0x00000000ec100000)
  from space 11776K, 98% used [0x00000000ec100000,0x00000000ecc5d1a0,0x00000000ecc80000)
  to   space 159744K, 0% used [0x00000000f5d00000,0x00000000f5d00000,0x00000000ff900000)
 ParOldGen       total 314880K, used 130912K [0x00000000a0000000, 0x00000000b3380000, 0x00000000e0000000)
  object space 314880K, 41% used [0x00000000a0000000,0x00000000a7fd8140,0x00000000b3380000)
 Metaspace       used 230025K, capacity 245690K, committed 245784K, reserved 1261568K
  class space    used 29841K, capacity 32713K, committed 32792K, reserved 1048576K
}
Event: 6811.570 GC heap before
{Heap before GC invocations=111 (full 9):
 PSYoungGen      total 209408K, used 209268K [0x00000000e0000000, 0x00000000ff900000, 0x0000000100000000)
  eden space 197632K, 100% used [0x00000000e0000000,0x00000000ec100000,0x00000000ec100000)
  from space 11776K, 98% used [0x00000000ec100000,0x00000000ecc5d1a0,0x00000000ecc80000)
  to   space 159744K, 0% used [0x00000000f5d00000,0x00000000f5d00000,0x00000000ff900000)
 ParOldGen       total 314880K, used 130912K [0x00000000a0000000, 0x00000000b3380000, 0x00000000e0000000)
  object space 314880K, 41% used [0x00000000a0000000,0x00000000a7fd8140,0x00000000b3380000)
 Metaspace       used 230327K, capacity 246154K, committed 246296K, reserved 1263616K
  class space    used 29873K, capacity 32769K, committed 32792K, reserved 1048576K
Event: 6811.701 GC heap after
Heap after GC invocations=111 (full 9):
 PSYoungGen      total 363008K, used 39502K [0x00000000e0000000, 0x00000000ff680000, 0x0000000100000000)
  eden space 205824K, 0% used [0x00000000e0000000,0x00000000e0000000,0x00000000ec900000)
  from space 157184K, 25% used [0x00000000f5d00000,0x00000000f8393a98,0x00000000ff680000)
  to   space 151552K, 0% used [0x00000000ec900000,0x00000000ec900000,0x00000000f5d00000)
 ParOldGen       total 314880K, used 130984K [0x00000000a0000000, 0x00000000b3380000, 0x00000000e0000000)
  object space 314880K, 41% used [0x00000000a0000000,0x00000000a7fea140,0x00000000b3380000)
 Metaspace       used 230327K, capacity 246154K, committed 246296K, reserved 1263616K
  class space    used 29873K, capacity 32769K, committed 32792K, reserved 1048576K
}
Event: 6819.301 GC heap before
{Heap before GC invocations=112 (full 9):
 PSYoungGen      total 363008K, used 245326K [0x00000000e0000000, 0x00000000ff680000, 0x0000000100000000)
  eden space 205824K, 100% used [0x00000000e0000000,0x00000000ec900000,0x00000000ec900000)
  from space 157184K, 25% used [0x00000000f5d00000,0x00000000f8393a98,0x00000000ff680000)
  to   space 151552K, 0% used [0x00000000ec900000,0x00000000ec900000,0x00000000f5d00000)
 ParOldGen       total 314880K, used 130984K [0x00000000a0000000, 0x00000000b3380000, 0x00000000e0000000)
  object space 314880K, 41% used [0x00000000a0000000,0x00000000a7fea140,0x00000000b3380000)
 Metaspace       used 239864K, capacity 256138K, committed 256408K, reserved 1271808K
  class space    used 31169K, capacity 34153K, committed 34200K, reserved 1048576K
Event: 6819.392 GC heap after
Heap after GC invocations=112 (full 9):
 PSYoungGen      total 357376K, used 71718K [0x00000000e0000000, 0x00000000ff480000, 0x0000000100000000)
  eden space 205824K, 0% used [0x00000000e0000000,0x00000000e0000000,0x00000000ec900000)
  from space 151552K, 47% used [0x00000000ec900000,0x00000000f0f09b00,0x00000000f5d00000)
  to   space 148480K, 0% used [0x00000000f6380000,0x00000000f6380000,0x00000000ff480000)
 ParOldGen       total 314880K, used 132007K [0x00000000a0000000, 0x00000000b3380000, 0x00000000e0000000)
  object space 314880K, 41% used [0x00000000a0000000,0x00000000a80e9fe8,0x00000000b3380000)
 Metaspace       used 239864K, capacity 256138K, committed 256408K, reserved 1271808K
  class space    used 31169K, capacity 34153K, committed 34200K, reserved 1048576K
}

